
(process:4469): GLib-WARNING **: gmem.c:482: custom memory allocation vtable not supported
***
*** Now run 'make gdb'.
***

(process:4475): GLib-WARNING **: gmem.c:482: custom memory allocation vtable not supported
WARNING: Image format was not specified for 'obj/kern/kernel.img' and probing guessed raw.
         Automatically detecting the format is dangerous for raw images, write operations on block 0 will be restricted.
         Specify the 'raw' format explicitly to remove the restrictions.
6828 decimal is 15254 octal!
x 1 y 3 z 4
He110 World
x=3 y=-267317280
entering test_backtrace 5
entering test_backtrace 4
entering test_backtrace 3
entering test_backtrace 2
entering test_backtrace 1
entering test_backtrace 0
ebp f0110f08 eip f0100081 args 00000000 00000000 00000000 00000000 f0102200 
kern/init.c:18: test_backtrace+65
ebp f0110f28 eip f010006e args 00000000 00000001 f0110f54 00000000 f0102200 
kern/init.c:16: test_backtrace+46
ebp f0110f48 eip f010006e args 00000001 00000002 f0110f74 00000000 f0102200 
kern/init.c:16: test_backtrace+46
ebp f0110f68 eip f010006e args 00000002 00000003 f0110f94 00000000 f0102200 
kern/init.c:16: test_backtrace+46
ebp f0110f88 eip f010006e args 00000003 00000004 f0110fb4 00000000 f010226c 
kern/init.c:16: test_backtrace+46
ebp f0110fa8 eip f010006e args 00000004 00000005 f0110fd4 00000000 000003fb 
kern/init.c:16: test_backtrace+46
ebp f0110fc8 eip f0100142 args 00000005 00000003 f0110fe0 00000004 00646c72 
kern/init.c:46: i386_init+168
ebp f0110ff8 eip f010003e args 00000003 00001003 00002003 00003003 00004003 
kern/entry.S:83: <unknown>+0
leaving test_backtrace 0
leaving test_backtrace 1
leaving test_backtrace 2
leaving test_backtrace 3
leaving test_backtrace 4
leaving test_backtrace 5
Welcome to the JOS kernel monitor!
Type 'help' for a list of commands.
qemu: terminating on signal 15 from pid 4441
